17-Oct-2024 09:57:11.637 INFO [main] org.apache.catalina.startup.VersionLoggerListener.log Server version name:   Apache Tomcat/9.0.96
17-Oct-2024 09:57:11.662 INFO [main] org.apache.catalina.startup.VersionLoggerListener.log Server built:          Oct 3 2024 19:44:30 UTC
17-Oct-2024 09:57:11.664 INFO [main] org.apache.catalina.startup.VersionLoggerListener.log Server version number: 9.0.96.0
17-Oct-2024 09:57:11.664 INFO [main] org.apache.catalina.startup.VersionLoggerListener.log OS Name:               Windows 11
17-Oct-2024 09:57:11.664 INFO [main] org.apache.catalina.startup.VersionLoggerListener.log OS Version:            10.0
17-Oct-2024 09:57:11.666 INFO [main] org.apache.catalina.startup.VersionLoggerListener.log Architecture:          amd64
17-Oct-2024 09:57:11.666 INFO [main] org.apache.catalina.startup.VersionLoggerListener.log Java Home:             C:\Users\meris\OneDrive\Desktop\java\jdk-19.0.2
17-Oct-2024 09:57:11.666 INFO [main] org.apache.catalina.startup.VersionLoggerListener.log JVM Version:           19.0.2+7-44
17-Oct-2024 09:57:11.666 INFO [main] org.apache.catalina.startup.VersionLoggerListener.log JVM Vendor:            Oracle Corporation
17-Oct-2024 09:57:11.666 INFO [main] org.apache.catalina.startup.VersionLoggerListener.log CATALINA_BASE:         C:\Users\meris\OneDrive\Desktop\apache-tomcat-9.0.96
17-Oct-2024 09:57:11.666 INFO [main] org.apache.catalina.startup.VersionLoggerListener.log CATALINA_HOME:         C:\Users\meris\OneDrive\Desktop\apache-tomcat-9.0.96
17-Oct-2024 09:57:11.738 INFO [main] org.apache.catalina.startup.VersionLoggerListener.log Command line argument: --add-opens=java.base/java.lang=ALL-UNNAMED
17-Oct-2024 09:57:11.738 INFO [main] org.apache.catalina.startup.VersionLoggerListener.log Command line argument: --add-opens=java.base/java.io=ALL-UNNAMED
17-Oct-2024 09:57:11.738 INFO [main] org.apache.catalina.startup.VersionLoggerListener.log Command line argument: --add-opens=java.base/java.util=ALL-UNNAMED
17-Oct-2024 09:57:11.741 INFO [main] org.apache.catalina.startup.VersionLoggerListener.log Command line argument: --add-opens=java.base/java.util.concurrent=ALL-UNNAMED
17-Oct-2024 09:57:11.741 INFO [main] org.apache.catalina.startup.VersionLoggerListener.log Command line argument: --add-opens=java.rmi/sun.rmi.transport=ALL-UNNAMED
17-Oct-2024 09:57:11.741 INFO [main] org.apache.catalina.startup.VersionLoggerListener.log Command line argument: -Djava.util.logging.config.file=C:\Users\meris\OneDrive\Desktop\apache-tomcat-9.0.96\conf\logging.properties
17-Oct-2024 09:57:11.741 INFO [main] org.apache.catalina.startup.VersionLoggerListener.log Command line argument: -Djava.util.logging.manager=org.apache.juli.ClassLoaderLogManager
17-Oct-2024 09:57:11.741 INFO [main] org.apache.catalina.startup.VersionLoggerListener.log Command line argument: -Djdk.tls.ephemeralDHKeySize=2048
17-Oct-2024 09:57:11.741 INFO [main] org.apache.catalina.startup.VersionLoggerListener.log Command line argument: -Djava.protocol.handler.pkgs=org.apache.catalina.webresources
17-Oct-2024 09:57:11.741 INFO [main] org.apache.catalina.startup.VersionLoggerListener.log Command line argument: -Dignore.endorsed.dirs=
17-Oct-2024 09:57:11.741 INFO [main] org.apache.catalina.startup.VersionLoggerListener.log Command line argument: -Dcatalina.base=C:\Users\meris\OneDrive\Desktop\apache-tomcat-9.0.96
17-Oct-2024 09:57:11.745 INFO [main] org.apache.catalina.startup.VersionLoggerListener.log Command line argument: -Dcatalina.home=C:\Users\meris\OneDrive\Desktop\apache-tomcat-9.0.96
17-Oct-2024 09:57:11.745 INFO [main] org.apache.catalina.startup.VersionLoggerListener.log Command line argument: -Djava.io.tmpdir=C:\Users\meris\OneDrive\Desktop\apache-tomcat-9.0.96\temp
17-Oct-2024 09:57:11.755 INFO [main] org.apache.catalina.core.AprLifecycleListener.lifecycleEvent Loaded Apache Tomcat Native library [1.3.1] using APR version [1.7.4].
17-Oct-2024 09:57:11.758 INFO [main] org.apache.catalina.core.AprLifecycleListener.lifecycleEvent APR capabilities: IPv6 [true], sendfile [true], accept filters [false], random [true], UDS [true].
17-Oct-2024 09:57:11.758 INFO [main] org.apache.catalina.core.AprLifecycleListener.lifecycleEvent APR/OpenSSL configuration: useAprConnector [false], useOpenSSL [true]
17-Oct-2024 09:57:11.772 INFO [main] org.apache.catalina.core.AprLifecycleListener.initializeSSL OpenSSL successfully initialized [OpenSSL 3.0.14 4 Jun 2024]
17-Oct-2024 09:57:12.648 INFO [main] org.apache.coyote.AbstractProtocol.init Initializing ProtocolHandler ["http-nio-8080"]
17-Oct-2024 09:57:12.732 INFO [main] org.apache.catalina.startup.Catalina.load Server initialization in [2109] milliseconds
17-Oct-2024 09:57:12.845 INFO [main] org.apache.catalina.core.StandardService.startInternal Starting service [Catalina]
17-Oct-2024 09:57:12.846 INFO [main] org.apache.catalina.core.StandardEngine.startInternal Starting Servlet engine: [Apache Tomcat/9.0.96]
17-Oct-2024 09:57:12.872 INFO [main] org.apache.catalina.startup.HostConfig.deployDirectory Deploying web application directory [C:\Users\meris\OneDrive\Desktop\apache-tomcat-9.0.96\webapps\docs]
17-Oct-2024 09:57:13.616 WARNING [main] org.apache.catalina.util.SessionIdGeneratorBase.createSecureRandom Creation of SecureRandom instance for session ID generation using [SHA1PRNG] took [132] milliseconds.
17-Oct-2024 09:57:13.676 INFO [main] org.apache.catalina.startup.HostConfig.deployDirectory Deployment of web application directory [C:\Users\meris\OneDrive\Desktop\apache-tomcat-9.0.96\webapps\docs] has finished in [804] ms
17-Oct-2024 09:57:13.678 INFO [main] org.apache.catalina.startup.HostConfig.deployDirectory Deploying web application directory [C:\Users\meris\OneDrive\Desktop\apache-tomcat-9.0.96\webapps\examples]
17-Oct-2024 09:57:14.320 INFO [main] org.apache.catalina.startup.HostConfig.deployDirectory Deployment of web application directory [C:\Users\meris\OneDrive\Desktop\apache-tomcat-9.0.96\webapps\examples] has finished in [644] ms
17-Oct-2024 09:57:14.320 INFO [main] org.apache.catalina.startup.HostConfig.deployDirectory Deploying web application directory [C:\Users\meris\OneDrive\Desktop\apache-tomcat-9.0.96\webapps\host-manager]
17-Oct-2024 09:57:14.407 INFO [main] org.apache.catalina.startup.HostConfig.deployDirectory Deployment of web application directory [C:\Users\meris\OneDrive\Desktop\apache-tomcat-9.0.96\webapps\host-manager] has finished in [87] ms
17-Oct-2024 09:57:14.407 INFO [main] org.apache.catalina.startup.HostConfig.deployDirectory Deploying web application directory [C:\Users\meris\OneDrive\Desktop\apache-tomcat-9.0.96\webapps\manager]
17-Oct-2024 09:57:14.504 INFO [main] org.apache.catalina.startup.HostConfig.deployDirectory Deployment of web application directory [C:\Users\meris\OneDrive\Desktop\apache-tomcat-9.0.96\webapps\manager] has finished in [97] ms
17-Oct-2024 09:57:14.504 INFO [main] org.apache.catalina.startup.HostConfig.deployDirectory Deploying web application directory [C:\Users\meris\OneDrive\Desktop\apache-tomcat-9.0.96\webapps\ROOT]
17-Oct-2024 09:57:14.570 INFO [main] org.apache.catalina.startup.HostConfig.deployDirectory Deployment of web application directory [C:\Users\meris\OneDrive\Desktop\apache-tomcat-9.0.96\webapps\ROOT] has finished in [66] ms
17-Oct-2024 09:57:14.580 INFO [main] org.apache.coyote.AbstractProtocol.start Starting ProtocolHandler ["http-nio-8080"]
17-Oct-2024 09:57:14.761 INFO [main] org.apache.catalina.startup.Catalina.start Server startup in [2024] milliseconds
17-Oct-2024 10:31:18.296 INFO [Catalina-utility-1] org.apache.catalina.startup.HostConfig.deployWAR Deploying web application archive [C:\Users\meris\OneDrive\Desktop\apache-tomcat-9.0.96\webapps\prova.war]
17-Oct-2024 10:31:18.542 INFO [Catalina-utility-1] org.apache.catalina.startup.HostConfig.deployWAR Deployment of web application archive [C:\Users\meris\OneDrive\Desktop\apache-tomcat-9.0.96\webapps\prova.war] has finished in [249] ms
